<?xml version="1.0" encoding="UTF-8"?>
<testng-results ignored="0" total="1" passed="1" failed="0" skipped="0">
  <reporter-output>
  </reporter-output>
  <suite started-at="2024-12-27T11:39:17 IST" name="Default suite" finished-at="2024-12-27T11:39:32 IST" duration-ms="14761">
    <groups>
    </groups>
    <test started-at="2024-12-27T11:39:17 IST" name="Default test" finished-at="2024-12-27T11:39:32 IST" duration-ms="14761">
      <class name="testcases.CreateAccount">
        <test-method is-config="true" signature="preCondition()[pri:0, instance:testcases.CreateAccount@33d512c1]" started-at="2024-12-27T11:39:17 IST" name="preCondition" finished-at="2024-12-27T11:39:24 IST" duration-ms="6885" status="PASS">
          <reporter-output>
          </reporter-output>
        </test-method> <!-- preCondition -->
        <test-method signature="createAcc()[pri:0, instance:testcases.CreateAccount@33d512c1]" started-at="2024-12-27T11:39:24 IST" name="createAcc" finished-at="2024-12-27T11:39:32 IST" duration-ms="7502" status="PASS">
          <reporter-output>
          </reporter-output>
        </test-method> <!-- createAcc -->
        <test-method is-config="true" signature="postCondition()[pri:0, instance:testcases.CreateAccount@33d512c1]" started-at="2024-12-27T11:39:32 IST" name="postCondition" finished-at="2024-12-27T11:39:32 IST" duration-ms="330" status="PASS">
          <reporter-output>
          </reporter-output>
        </test-method> <!-- postCondition -->
      </class> <!-- testcases.CreateAccount -->
    </test> <!-- Default test -->
  </suite> <!-- Default suite -->
</testng-results>
