<?xml version="1.0" encoding="UTF-8"?>
<testng-results ignored="0" total="3" passed="3" failed="0" skipped="0">
  <reporter-output>
  </reporter-output>
  <suite started-at="2024-12-30T15:37:37 IST" name="Default suite" finished-at="2024-12-30T15:38:20 IST" duration-ms="42555">
    <groups>
    </groups>
    <test started-at="2024-12-30T15:37:37 IST" name="Default test" finished-at="2024-12-30T15:38:20 IST" duration-ms="42555">
      <class name="testcases.TC_003_CreateAccount">
        <test-method is-config="true" signature="set()[pri:0, instance:testcases.TC_003_CreateAccount@6a78afa0]" started-at="2024-12-30T15:37:37 IST" name="set" finished-at="2024-12-30T15:37:37 IST" duration-ms="11" status="PASS">
          <reporter-output>
          </reporter-output>
        </test-method> <!-- set -->
        <test-method is-config="true" signature="preCondition()[pri:0, instance:testcases.TC_003_CreateAccount@6a78afa0]" started-at="2024-12-30T15:37:38 IST" name="preCondition" finished-at="2024-12-30T15:37:47 IST" duration-ms="8618" status="PASS">
          <reporter-output>
          </reporter-output>
        </test-method> <!-- preCondition -->
        <test-method signature="createAcc(java.lang.String,java.lang.String)[pri:0, instance:testcases.TC_003_CreateAccount@6a78afa0]" started-at="2024-12-30T15:37:47 IST" name="createAcc" data-provider="getdata" finished-at="2024-12-30T15:37:56 IST" duration-ms="9013" status="PASS">
          <params>
            <param index="0">
              <value>
                <![CDATA[Jimmy]]>
              </value>
            </param>
            <param index="1">
              <value>
                <![CDATA[Sole Proprietorship]]>
              </value>
            </param>
          </params>
          <reporter-output>
          </reporter-output>
        </test-method> <!-- createAcc -->
        <test-method is-config="true" signature="postCondition()[pri:0, instance:testcases.TC_003_CreateAccount@6a78afa0]" started-at="2024-12-30T15:37:56 IST" name="postCondition" finished-at="2024-12-30T15:37:56 IST" duration-ms="300" status="PASS">
          <reporter-output>
          </reporter-output>
        </test-method> <!-- postCondition -->
        <test-method is-config="true" signature="preCondition()[pri:0, instance:testcases.TC_003_CreateAccount@6a78afa0]" started-at="2024-12-30T15:37:56 IST" name="preCondition" finished-at="2024-12-30T15:38:02 IST" duration-ms="5457" status="PASS">
          <reporter-output>
          </reporter-output>
        </test-method> <!-- preCondition -->
        <test-method signature="createAcc(java.lang.String,java.lang.String)[pri:0, instance:testcases.TC_003_CreateAccount@6a78afa0]" started-at="2024-12-30T15:38:02 IST" name="createAcc" data-provider="getdata" finished-at="2024-12-30T15:38:06 IST" duration-ms="4544" status="PASS">
          <params>
            <param index="0">
              <value>
                <![CDATA[Keerthy]]>
              </value>
            </param>
            <param index="1">
              <value>
                <![CDATA[LLC/LLP]]>
              </value>
            </param>
          </params>
          <reporter-output>
          </reporter-output>
        </test-method> <!-- createAcc -->
        <test-method is-config="true" signature="postCondition()[pri:0, instance:testcases.TC_003_CreateAccount@6a78afa0]" started-at="2024-12-30T15:38:06 IST" name="postCondition" finished-at="2024-12-30T15:38:07 IST" duration-ms="280" status="PASS">
          <reporter-output>
          </reporter-output>
        </test-method> <!-- postCondition -->
        <test-method is-config="true" signature="preCondition()[pri:0, instance:testcases.TC_003_CreateAccount@6a78afa0]" started-at="2024-12-30T15:38:07 IST" name="preCondition" finished-at="2024-12-30T15:38:12 IST" duration-ms="5666" status="PASS">
          <reporter-output>
          </reporter-output>
        </test-method> <!-- preCondition -->
        <test-method signature="createAcc(java.lang.String,java.lang.String)[pri:0, instance:testcases.TC_003_CreateAccount@6a78afa0]" started-at="2024-12-30T15:38:12 IST" name="createAcc" data-provider="getdata" finished-at="2024-12-30T15:38:20 IST" duration-ms="7347" status="PASS">
          <params>
            <param index="0">
              <value>
                <![CDATA[Oggy]]>
              </value>
            </param>
            <param index="1">
              <value>
                <![CDATA[Public Corporation]]>
              </value>
            </param>
          </params>
          <reporter-output>
          </reporter-output>
        </test-method> <!-- createAcc -->
        <test-method is-config="true" signature="postCondition()[pri:0, instance:testcases.TC_003_CreateAccount@6a78afa0]" started-at="2024-12-30T15:38:20 IST" name="postCondition" finished-at="2024-12-30T15:38:20 IST" duration-ms="258" status="PASS">
          <reporter-output>
          </reporter-output>
        </test-method> <!-- postCondition -->
      </class> <!-- testcases.TC_003_CreateAccount -->
    </test> <!-- Default test -->
  </suite> <!-- Default suite -->
</testng-results>
