<?xml version="1.0" encoding="UTF-8"?>
<!-- Generated by org.testng.reporters.JUnitXMLReporter -->
<testsuite ignored="0" hostname="ArjunLaptop" failures="0" tests="3" name="Default test" time="42.555" errors="0" timestamp="2024-12-30T15:38:20 IST">
  <testcase classname="testcases.TC_003_CreateAccount" name="createAcc" time="9.013"/>
  <testcase classname="testcases.TC_003_CreateAccount" name="createAcc" time="4.544"/>
  <testcase classname="testcases.TC_003_CreateAccount" name="createAcc" time="7.347"/>
</testsuite> <!-- Default test -->
