<?xml version="1.0" encoding="UTF-8"?>
<testng-results ignored="0" total="1" passed="1" failed="0" skipped="0">
  <reporter-output>
  </reporter-output>
  <suite started-at="2024-12-26T13:56:03 IST" name="Default suite" finished-at="2024-12-26T13:56:25 IST" duration-ms="21894">
    <groups>
      <group name="cucumber">
        <method signature="AbstractTestNGCucumberTests.runScenario(io.cucumber.testng.PickleWrapper,io.cucumber.testng.FeatureWrapper)[pri:0, instance:runner.LeadsHooks@185a6e9]" name="runScenario" class="io.cucumber.testng.AbstractTestNGCucumberTests"/>
      </group> <!-- cucumber -->
    </groups>
    <test started-at="2024-12-26T13:56:03 IST" name="Default test" finished-at="2024-12-26T13:56:25 IST" duration-ms="21894">
      <class name="runner.LeadsHooks">
        <test-method is-config="true" signature="setUpClass(org.testng.ITestContext)[pri:0, instance:runner.LeadsHooks@185a6e9]" started-at="2024-12-26T13:56:03 IST" name="setUpClass" finished-at="2024-12-26T13:56:04 IST" duration-ms="729" status="PASS">
          <params>
            <param index="0">
              <value>
                <![CDATA[org.testng.TestRunner@52c9d3d0]]>
              </value>
            </param>
          </params>
          <reporter-output>
          </reporter-output>
        </test-method> <!-- setUpClass -->
        <test-method signature="runScenario(io.cucumber.testng.PickleWrapper,io.cucumber.testng.FeatureWrapper)[pri:0, instance:runner.LeadsHooks@185a6e9]" started-at="2024-12-26T13:56:04 IST" name="runScenario" description="Runs Cucumber Scenarios" data-provider="scenarios" finished-at="2024-12-26T13:56:23 IST" duration-ms="19266" status="PASS">
          <params>
            <param index="0">
              <value>
                <![CDATA["Check account edit function"]]>
              </value>
            </param>
            <param index="1">
              <value>
                <![CDATA["Account edition in leaftaps application"]]>
              </value>
            </param>
          </params>
          <reporter-output>
          </reporter-output>
        </test-method> <!-- runScenario -->
        <test-method is-config="true" signature="tearDownClass()[pri:0, instance:runner.LeadsHooks@185a6e9]" started-at="2024-12-26T13:56:23 IST" name="tearDownClass" finished-at="2024-12-26T13:56:25 IST" duration-ms="1844" status="PASS">
          <reporter-output>
          </reporter-output>
        </test-method> <!-- tearDownClass -->
      </class> <!-- runner.LeadsHooks -->
    </test> <!-- Default test -->
  </suite> <!-- Default suite -->
</testng-results>
