<?xml version="1.0" encoding="UTF-8"?>
<testng-results ignored="0" total="2" passed="2" failed="0" skipped="0">
  <reporter-output>
  </reporter-output>
  <suite started-at="2024-12-30T11:23:01 IST" name="Suite" finished-at="2024-12-30T11:23:17 IST" duration-ms="16479">
    <groups>
    </groups>
    <test started-at="2024-12-30T11:23:01 IST" name="Test" finished-at="2024-12-30T11:23:17 IST" duration-ms="16479">
      <class name="testcases.TC_003_CreateAccount">
        <test-method is-config="true" signature="preCondition()[pri:0, instance:testcases.TC_003_CreateAccount@639c2c1d]" started-at="2024-12-30T11:23:01 IST" name="preCondition" finished-at="2024-12-30T11:23:09 IST" duration-ms="7788" status="PASS">
          <reporter-output>
          </reporter-output>
        </test-method> <!-- preCondition -->
        <test-method signature="createAcc()[pri:0, instance:testcases.TC_003_CreateAccount@639c2c1d]" started-at="2024-12-30T11:23:09 IST" name="createAcc" finished-at="2024-12-30T11:23:17 IST" duration-ms="8370" status="PASS">
          <reporter-output>
          </reporter-output>
        </test-method> <!-- createAcc -->
        <test-method is-config="true" signature="postCondition()[pri:0, instance:testcases.TC_003_CreateAccount@639c2c1d]" started-at="2024-12-30T11:23:17 IST" name="postCondition" finished-at="2024-12-30T11:23:17 IST" duration-ms="270" status="PASS">
          <reporter-output>
          </reporter-output>
        </test-method> <!-- postCondition -->
      </class> <!-- testcases.TC_003_CreateAccount -->
      <class name="testcases.TC_001_LoginPage">
        <test-method is-config="true" signature="preCondition()[pri:0, instance:testcases.TC_001_LoginPage@1165b38]" started-at="2024-12-30T11:23:01 IST" name="preCondition" finished-at="2024-12-30T11:23:09 IST" duration-ms="7882" status="PASS">
          <reporter-output>
          </reporter-output>
        </test-method> <!-- preCondition -->
        <test-method signature="login()[pri:0, instance:testcases.TC_001_LoginPage@1165b38]" started-at="2024-12-30T11:23:09 IST" name="login" finished-at="2024-12-30T11:23:09 IST" duration-ms="525" status="PASS">
          <reporter-output>
          </reporter-output>
        </test-method> <!-- login -->
        <test-method is-config="true" signature="postCondition()[pri:0, instance:testcases.TC_001_LoginPage@1165b38]" started-at="2024-12-30T11:23:09 IST" name="postCondition" finished-at="2024-12-30T11:23:10 IST" duration-ms="500" status="PASS">
          <reporter-output>
          </reporter-output>
        </test-method> <!-- postCondition -->
      </class> <!-- testcases.TC_001_LoginPage -->
    </test> <!-- Test -->
  </suite> <!-- Suite -->
</testng-results>
