<?xml version="1.0" encoding="UTF-8"?>
<!-- Generated by org.testng.reporters.JUnitXMLReporter -->
<testsuite ignored="0" hostname="ArjunLaptop" failures="0" tests="3" name="Default test" time="55.071" errors="0" timestamp="2025-01-03T19:57:00 IST">
  <testcase classname="testcases.TC_003_CreateAccount" name="createAcc" time="14.388"/>
  <testcase classname="testcases.TC_003_CreateAccount" name="createAcc" time="9.454"/>
  <testcase classname="testcases.TC_003_CreateAccount" name="createAcc" time="10.378"/>
</testsuite> <!-- Default test -->
